. 2019-02-25 19:16:17.777 --------------------------------------------------------------------------
. 2019-02-25 19:16:17.777 WinSCP Version 5.13.7 (Build 9125) (OS 10.0.17134 - Windows 10 Enterprise)
. 2019-02-25 19:16:17.777 Configuration: nul
. 2019-02-25 19:16:17.777 Log level: Normal
. 2019-02-25 19:16:17.777 Local account: MSI\kthsd_0
. 2019-02-25 19:16:17.777 Working directory: D:\Users\kthsd2\Documents\Robotics\Vision\Camera1Code-Kane
. 2019-02-25 19:16:17.777 Process ID: 18628
. 2019-02-25 19:16:17.778 Command-line: "C:\Program Files (x86)\WinSCP\WinSCP.exe" /console=5.13.7 /consoleinstance=_4212_182 "/log=D:\Users\kthsd2\Documents\Robotics\Vision\Camera1Code-Kane\WinSCP.log" "/ini=nul" "/command" "open sftp://pi:***@192.168.2.2/ -hostkey=""ssh-ed25519 256 YZo1tx5KO4fUdMkm8xIG4JaxcANYbe8LeelnooIbLbs=""" "put ShapeDetectionTest.py""" "put findshapespipeline.py""" "put ShapeDetector.py""" "exit"
. 2019-02-25 19:16:17.778 Time zone: Current: GMT-5, Standard: GMT-5 (Eastern Standard Time), DST: GMT-4 (Eastern Daylight Time), DST Start: 3/10/2019, DST End: 11/3/2019
. 2019-02-25 19:16:17.778 Login time: Monday, February 25, 2019 7:16:17 PM
. 2019-02-25 19:16:17.778 --------------------------------------------------------------------------
. 2019-02-25 19:16:17.778 Script: Retrospectively logging previous script records:
> 2019-02-25 19:16:17.778 Script: open sftp://pi:***@192.168.2.2/ -hostkey="ssh-ed25519 256 YZo1tx5KO4fUdMkm8xIG4JaxcANYbe8LeelnooIbLbs="
. 2019-02-25 19:16:17.778 --------------------------------------------------------------------------
. 2019-02-25 19:16:17.778 Session name: pi@192.168.2.2 (Ad-Hoc site)
. 2019-02-25 19:16:17.778 Host name: 192.168.2.2 (Port: 22)
. 2019-02-25 19:16:17.778 User name: pi (Password: Yes, Key file: No, Passphrase: No)
. 2019-02-25 19:16:17.778 Tunnel: No
. 2019-02-25 19:16:17.778 Transfer Protocol: SFTP
. 2019-02-25 19:16:17.778 Ping type: Off, Ping interval: 30 sec; Timeout: 15 sec
. 2019-02-25 19:16:17.778 Disable Nagle: No
. 2019-02-25 19:16:17.778 Proxy: None
. 2019-02-25 19:16:17.778 Send buffer: 262144
. 2019-02-25 19:16:17.778 SSH protocol version: 2; Compression: No
. 2019-02-25 19:16:17.778 Bypass authentication: No
. 2019-02-25 19:16:17.778 Try agent: Yes; Agent forwarding: No; TIS/CryptoCard: No; KI: Yes; GSSAPI: Yes
. 2019-02-25 19:16:17.778 GSSAPI: Forwarding: No; Libs: gssapi32,sspi,custom; Custom: 
. 2019-02-25 19:16:17.778 Ciphers: aes,chacha20,blowfish,3des,WARN,arcfour,des; Ssh2DES: No
. 2019-02-25 19:16:17.778 KEX: ecdh,dh-gex-sha1,dh-group14-sha1,rsa,WARN,dh-group1-sha1
. 2019-02-25 19:16:17.778 SSH Bugs: Auto,Auto,Auto,Auto,Auto,Auto,Auto,Auto,Auto,Auto,Auto,Auto,Auto
. 2019-02-25 19:16:17.778 Simple channel: Yes
. 2019-02-25 19:16:17.778 Return code variable: Autodetect; Lookup user groups: Auto
. 2019-02-25 19:16:17.778 Shell: default
. 2019-02-25 19:16:17.778 EOL: LF, UTF: Auto
. 2019-02-25 19:16:17.778 Clear aliases: Yes, Unset nat.vars: Yes, Resolve symlinks: Yes; Follow directory symlinks: No
. 2019-02-25 19:16:17.779 LS: ls -la, Ign LS warn: Yes, Scp1 Comp: No
. 2019-02-25 19:16:17.779 SFTP Bugs: Auto,Auto
. 2019-02-25 19:16:17.779 SFTP Server: default
. 2019-02-25 19:16:17.779 Local directory: default, Remote directory: home, Update: Yes, Cache: Yes
. 2019-02-25 19:16:17.779 Cache directory changes: Yes, Permanent: Yes
. 2019-02-25 19:16:17.779 Recycle bin: Delete to: No, Overwritten to: No, Bin path: 
. 2019-02-25 19:16:17.779 DST mode: Unix
. 2019-02-25 19:16:17.779 --------------------------------------------------------------------------
. 2019-02-25 19:16:17.779 Looking up host "192.168.2.2" for SSH connection
. 2019-02-25 19:16:17.779 Connecting to 192.168.2.2 port 22
. 2019-02-25 19:16:17.789 We claim version: SSH-2.0-WinSCP_release_5.13.7
. 2019-02-25 19:16:17.864 Server version: SSH-2.0-OpenSSH_7.4p1 Raspbian-10+deb9u4
. 2019-02-25 19:16:17.864 Using SSH protocol version 2
. 2019-02-25 19:16:17.864 Have a known host key of type ssh-ed25519
. 2019-02-25 19:16:17.870 Doing ECDH key exchange with curve Curve25519 and hash SHA-256
. 2019-02-25 19:16:18.270 Server also has ecdsa-sha2-nistp256/ssh-rsa host keys, but we don't know any of them
. 2019-02-25 19:16:18.271 Host key fingerprint is:
. 2019-02-25 19:16:18.271 ssh-ed25519 256 e4:fb:62:a1:3a:24:58:07:cd:f9:3f:ae:f1:f5:f2:d5 YZo1tx5KO4fUdMkm8xIG4JaxcANYbe8LeelnooIbLbs=
. 2019-02-25 19:16:18.272 Host key matches configured key
. 2019-02-25 19:16:18.272 Initialised AES-256 SDCTR client->server encryption
. 2019-02-25 19:16:18.272 Initialised HMAC-SHA-256 client->server MAC algorithm
. 2019-02-25 19:16:18.272 Initialised AES-256 SDCTR server->client encryption
. 2019-02-25 19:16:18.272 Initialised HMAC-SHA-256 server->client MAC algorithm
! 2019-02-25 19:16:18.275 Using username "pi".
. 2019-02-25 19:16:18.277 Server offered these authentication methods: publickey,password
. 2019-02-25 19:16:18.278 Prompt (password, "SSH password", <no instructions>, "&Password: ")
. 2019-02-25 19:16:18.278 Using stored password.
. 2019-02-25 19:16:18.278 Sent password
. 2019-02-25 19:16:18.384 Access granted
. 2019-02-25 19:16:18.384 Opening session as main channel
. 2019-02-25 19:16:18.517 Opened main channel
. 2019-02-25 19:16:18.525 Started a shell/command
. 2019-02-25 19:16:18.525 --------------------------------------------------------------------------
. 2019-02-25 19:16:18.525 Using SFTP protocol.
. 2019-02-25 19:16:18.525 Doing startup conversation with host.
> 2019-02-25 19:16:18.525 Type: SSH_FXP_INIT, Size: 5, Number: -1
< 2019-02-25 19:16:18.533 Type: SSH_FXP_VERSION, Size: 150, Number: -1
. 2019-02-25 19:16:18.533 SFTP version 3 negotiated.
. 2019-02-25 19:16:18.533 Unknown server extension posix-rename@openssh.com="1"
. 2019-02-25 19:16:18.533 Supports statvfs@openssh.com extension version "2"
. 2019-02-25 19:16:18.533 Unknown server extension fstatvfs@openssh.com="2"
. 2019-02-25 19:16:18.533 Supports hardlink@openssh.com extension version "1"
. 2019-02-25 19:16:18.533 Unknown server extension fsync@openssh.com="1"
. 2019-02-25 19:16:18.533 We believe the server has signed timestamps bug
. 2019-02-25 19:16:18.533 We will use UTF-8 strings until server sends an invalid UTF-8 string as with SFTP version 3 and older UTF-8 strings are not mandatory
. 2019-02-25 19:16:18.534 Limiting packet size to OpenSSH sftp-server limit of 262148 bytes
. 2019-02-25 19:16:18.534 Getting current directory name.
. 2019-02-25 19:16:18.534 Getting real path for '.'
> 2019-02-25 19:16:18.534 Type: SSH_FXP_REALPATH, Size: 10, Number: 16
< 2019-02-25 19:16:18.540 Type: SSH_FXP_NAME, Size: 37, Number: 16
. 2019-02-25 19:16:18.540 Real path is '/home/pi'
. 2019-02-25 19:16:18.540 Startup conversation with host finished.
< 2019-02-25 19:16:18.540 Script: Active session: [1] pi@192.168.2.2
> 2019-02-25 19:16:18.541 Script: put ShapeDetectionTest.py"
. 2019-02-25 19:16:18.542 Copying 1 files/directories to remote directory "/home/pi" - total size: 5,983
. 2019-02-25 19:16:18.542   PrTime: Yes; PrRO: No; Rght: rw-r--r--; PrR: No (No); FnCs: N; RIC: 0100; Resume: S (102400); CalcS: No; Mask: 
. 2019-02-25 19:16:18.542   TM: B; ClAr: No; RemEOF: No; RemBOM: No; CPS: 0; NewerOnly: No; InclM: ; ResumeL: 0
. 2019-02-25 19:16:18.542   AscM: *.*html; *.htm; *.txt; *.php; *.php3; *.cgi; *.c; *.cpp; *.h; *.pas; *.bas; *.tex; *.pl; *.js; .htaccess; *.xtml; *.css; *.cfg; *.ini; *.sh; *.xml
. 2019-02-25 19:16:18.542 Getting real path for '/home/pi'
> 2019-02-25 19:16:18.542 Type: SSH_FXP_REALPATH, Size: 17, Number: 272
< 2019-02-25 19:16:18.561 Type: SSH_FXP_NAME, Size: 37, Number: 272
. 2019-02-25 19:16:18.561 Real path is '/home/pi'
. 2019-02-25 19:16:18.561 File: 'ShapeDetectionTest.py' [2019-02-18T21:51:38.557Z] [5983]
. 2019-02-25 19:16:18.562 Copying "ShapeDetectionTest.py" to remote directory started.
. 2019-02-25 19:16:18.562 Binary transfer mode selected.
. 2019-02-25 19:16:18.562 Opening remote file.
> 2019-02-25 19:16:18.562 Type: SSH_FXP_OPEN, Size: 55, Number: 515
< 2019-02-25 19:16:18.563 Type: SSH_FXP_HANDLE, Size: 13, Number: 515
> 2019-02-25 19:16:18.564 Type: SSH_FXP_WRITE, Size: 6008, Number: 1030
> 2019-02-25 19:16:18.564 Type: SSH_FXP_CLOSE, Size: 13, Number: 1284
> 2019-02-25 19:16:18.564 Type: SSH_FXP_SETSTAT, Size: 51, Number: 777
< 2019-02-25 19:16:18.569 Type: SSH_FXP_STATUS, Size: 24, Number: 1030
< 2019-02-25 19:16:18.569 Status code: 0
< 2019-02-25 19:16:18.569 Type: SSH_FXP_STATUS, Size: 24, Number: 1284
< 2019-02-25 19:16:18.569 Status code: 0
. 2019-02-25 19:16:18.569 Preserving timestamp [2019-02-18T21:51:38.000Z]
< 2019-02-25 19:16:18.570 Type: SSH_FXP_STATUS, Size: 24, Number: 777
< 2019-02-25 19:16:18.570 Status code: 0
. 2019-02-25 19:16:18.570 Transfer done: 'ShapeDetectionTest.py' => '/home/pi/ShapeDetectionTest.py' [5983]
. 2019-02-25 19:16:18.570 Copying finished: Transferred: 5,983, Elapsed: 0:00:00, CPS: 0/s
> 2019-02-25 19:16:18.570 Script: put findshapespipeline.py"
. 2019-02-25 19:16:18.571 Copying 1 files/directories to remote directory "/home/pi" - total size: 5,853
. 2019-02-25 19:16:18.571   PrTime: Yes; PrRO: No; Rght: rw-r--r--; PrR: No (No); FnCs: N; RIC: 0100; Resume: S (102400); CalcS: No; Mask: 
. 2019-02-25 19:16:18.571   TM: B; ClAr: No; RemEOF: No; RemBOM: No; CPS: 0; NewerOnly: No; InclM: ; ResumeL: 0
. 2019-02-25 19:16:18.571   AscM: *.*html; *.htm; *.txt; *.php; *.php3; *.cgi; *.c; *.cpp; *.h; *.pas; *.bas; *.tex; *.pl; *.js; .htaccess; *.xtml; *.css; *.cfg; *.ini; *.sh; *.xml
. 2019-02-25 19:16:18.571 Getting real path for '/home/pi'
> 2019-02-25 19:16:18.571 Type: SSH_FXP_REALPATH, Size: 17, Number: 1552
< 2019-02-25 19:16:18.572 Type: SSH_FXP_NAME, Size: 37, Number: 1552
. 2019-02-25 19:16:18.572 Real path is '/home/pi'
. 2019-02-25 19:16:18.572 File: 'findshapespipeline.py' [2019-02-18T19:20:10.066Z] [5853]
. 2019-02-25 19:16:18.572 Copying "findshapespipeline.py" to remote directory started.
. 2019-02-25 19:16:18.572 Binary transfer mode selected.
. 2019-02-25 19:16:18.572 Opening remote file.
> 2019-02-25 19:16:18.573 Type: SSH_FXP_OPEN, Size: 55, Number: 1795
< 2019-02-25 19:16:18.574 Type: SSH_FXP_HANDLE, Size: 13, Number: 1795
> 2019-02-25 19:16:18.574 Type: SSH_FXP_WRITE, Size: 5878, Number: 2310
> 2019-02-25 19:16:18.574 Type: SSH_FXP_CLOSE, Size: 13, Number: 2564
> 2019-02-25 19:16:18.574 Type: SSH_FXP_SETSTAT, Size: 51, Number: 2057
< 2019-02-25 19:16:18.579 Type: SSH_FXP_STATUS, Size: 24, Number: 2310
< 2019-02-25 19:16:18.579 Status code: 0
< 2019-02-25 19:16:18.580 Type: SSH_FXP_STATUS, Size: 24, Number: 2564
< 2019-02-25 19:16:18.580 Status code: 0
. 2019-02-25 19:16:18.580 Preserving timestamp [2019-02-18T19:20:10.000Z]
< 2019-02-25 19:16:18.580 Type: SSH_FXP_STATUS, Size: 24, Number: 2057
< 2019-02-25 19:16:18.580 Status code: 0
. 2019-02-25 19:16:18.580 Transfer done: 'findshapespipeline.py' => '/home/pi/findshapespipeline.py' [5853]
. 2019-02-25 19:16:18.580 Copying finished: Transferred: 5,853, Elapsed: 0:00:00, CPS: 0/s
> 2019-02-25 19:16:18.580 Script: put ShapeDetector.py"
. 2019-02-25 19:16:18.581 Copying 1 files/directories to remote directory "/home/pi" - total size: 1,290
. 2019-02-25 19:16:18.581   PrTime: Yes; PrRO: No; Rght: rw-r--r--; PrR: No (No); FnCs: N; RIC: 0100; Resume: S (102400); CalcS: No; Mask: 
. 2019-02-25 19:16:18.581   TM: B; ClAr: No; RemEOF: No; RemBOM: No; CPS: 0; NewerOnly: No; InclM: ; ResumeL: 0
. 2019-02-25 19:16:18.581   AscM: *.*html; *.htm; *.txt; *.php; *.php3; *.cgi; *.c; *.cpp; *.h; *.pas; *.bas; *.tex; *.pl; *.js; .htaccess; *.xtml; *.css; *.cfg; *.ini; *.sh; *.xml
. 2019-02-25 19:16:18.581 Getting real path for '/home/pi'
> 2019-02-25 19:16:18.581 Type: SSH_FXP_REALPATH, Size: 17, Number: 2832
< 2019-02-25 19:16:18.582 Type: SSH_FXP_NAME, Size: 37, Number: 2832
. 2019-02-25 19:16:18.582 Real path is '/home/pi'
. 2019-02-25 19:16:18.582 File: 'ShapeDetector.py' [2019-02-14T13:14:58.006Z] [1290]
. 2019-02-25 19:16:18.582 Copying "ShapeDetector.py" to remote directory started.
. 2019-02-25 19:16:18.583 Binary transfer mode selected.
. 2019-02-25 19:16:18.583 Opening remote file.
> 2019-02-25 19:16:18.583 Type: SSH_FXP_OPEN, Size: 50, Number: 3075
< 2019-02-25 19:16:18.586 Type: SSH_FXP_HANDLE, Size: 13, Number: 3075
> 2019-02-25 19:16:18.586 Type: SSH_FXP_WRITE, Size: 1315, Number: 3590
> 2019-02-25 19:16:18.587 Type: SSH_FXP_CLOSE, Size: 13, Number: 3844
> 2019-02-25 19:16:18.587 Type: SSH_FXP_SETSTAT, Size: 46, Number: 3337
< 2019-02-25 19:16:18.593 Type: SSH_FXP_STATUS, Size: 24, Number: 3590
< 2019-02-25 19:16:18.593 Status code: 0
< 2019-02-25 19:16:18.595 Type: SSH_FXP_STATUS, Size: 24, Number: 3844
< 2019-02-25 19:16:18.595 Status code: 0
. 2019-02-25 19:16:18.595 Preserving timestamp [2019-02-14T13:14:58.000Z]
< 2019-02-25 19:16:18.595 Type: SSH_FXP_STATUS, Size: 24, Number: 3337
< 2019-02-25 19:16:18.595 Status code: 0
. 2019-02-25 19:16:18.595 Transfer done: 'ShapeDetector.py' => '/home/pi/ShapeDetector.py' [1290]
. 2019-02-25 19:16:18.595 Copying finished: Transferred: 1,290, Elapsed: 0:00:00, CPS: 0/s
> 2019-02-25 19:16:18.595 Script: exit
. 2019-02-25 19:16:18.596 Script: Exit code: 0
. 2019-02-25 19:16:18.596 Closing connection.
. 2019-02-25 19:16:18.596 Sending special code: 12
. 2019-02-25 19:16:18.596 Sent EOF message
. 2019-02-26 19:21:43.676 --------------------------------------------------------------------------
. 2019-02-26 19:21:43.749 WinSCP Version 5.13.7 (Build 9125) (OS 10.0.17134 - Windows 10 Enterprise)
. 2019-02-26 19:21:43.749 Configuration: nul
. 2019-02-26 19:21:43.749 Log level: Normal
. 2019-02-26 19:21:43.749 Local account: MSI\kthsd_0
. 2019-02-26 19:21:43.749 Working directory: D:\Users\kthsd2\Documents\Robotics\Vision\Camera1Code-Kane
. 2019-02-26 19:21:43.749 Process ID: 1040
. 2019-02-26 19:21:43.750 Command-line: "C:\Program Files (x86)\WinSCP\WinSCP.exe" /console=5.13.7 /consoleinstance=_476_318 "/log=D:\Users\kthsd2\Documents\Robotics\Vision\Camera1Code-Kane\WinSCP.log" "/ini=nul" "/command" "open sftp://pi:***@192.168.2.2/ -hostkey=""ssh-ed25519 256 YZo1tx5KO4fUdMkm8xIG4JaxcANYbe8LeelnooIbLbs=""" "put ShapeDetectionTest.py""" "put findshapespipeline.py""" "put ShapeDetector.py""" "exit"
. 2019-02-26 19:21:43.750 Time zone: Current: GMT-5, Standard: GMT-5 (Eastern Standard Time), DST: GMT-4 (Eastern Daylight Time), DST Start: 3/10/2019, DST End: 11/3/2019
. 2019-02-26 19:21:43.750 Login time: Tuesday, February 26, 2019 7:21:43 PM
. 2019-02-26 19:21:43.750 --------------------------------------------------------------------------
. 2019-02-26 19:21:43.750 Script: Retrospectively logging previous script records:
> 2019-02-26 19:21:43.750 Script: open sftp://pi:***@192.168.2.2/ -hostkey="ssh-ed25519 256 YZo1tx5KO4fUdMkm8xIG4JaxcANYbe8LeelnooIbLbs="
. 2019-02-26 19:21:43.750 --------------------------------------------------------------------------
. 2019-02-26 19:21:43.750 Session name: pi@192.168.2.2 (Ad-Hoc site)
. 2019-02-26 19:21:43.750 Host name: 192.168.2.2 (Port: 22)
. 2019-02-26 19:21:43.750 User name: pi (Password: Yes, Key file: No, Passphrase: No)
. 2019-02-26 19:21:43.750 Tunnel: No
. 2019-02-26 19:21:43.750 Transfer Protocol: SFTP
. 2019-02-26 19:21:43.750 Ping type: Off, Ping interval: 30 sec; Timeout: 15 sec
. 2019-02-26 19:21:43.750 Disable Nagle: No
. 2019-02-26 19:21:43.750 Proxy: None
. 2019-02-26 19:21:43.750 Send buffer: 262144
. 2019-02-26 19:21:43.750 SSH protocol version: 2; Compression: No
. 2019-02-26 19:21:43.750 Bypass authentication: No
. 2019-02-26 19:21:43.750 Try agent: Yes; Agent forwarding: No; TIS/CryptoCard: No; KI: Yes; GSSAPI: Yes
. 2019-02-26 19:21:43.750 GSSAPI: Forwarding: No; Libs: gssapi32,sspi,custom; Custom: 
. 2019-02-26 19:21:43.750 Ciphers: aes,chacha20,blowfish,3des,WARN,arcfour,des; Ssh2DES: No
. 2019-02-26 19:21:43.750 KEX: ecdh,dh-gex-sha1,dh-group14-sha1,rsa,WARN,dh-group1-sha1
. 2019-02-26 19:21:43.750 SSH Bugs: Auto,Auto,Auto,Auto,Auto,Auto,Auto,Auto,Auto,Auto,Auto,Auto,Auto
. 2019-02-26 19:21:43.750 Simple channel: Yes
. 2019-02-26 19:21:43.750 Return code variable: Autodetect; Lookup user groups: Auto
. 2019-02-26 19:21:43.750 Shell: default
. 2019-02-26 19:21:43.750 EOL: LF, UTF: Auto
. 2019-02-26 19:21:43.751 Clear aliases: Yes, Unset nat.vars: Yes, Resolve symlinks: Yes; Follow directory symlinks: No
. 2019-02-26 19:21:43.751 LS: ls -la, Ign LS warn: Yes, Scp1 Comp: No
. 2019-02-26 19:21:43.751 SFTP Bugs: Auto,Auto
. 2019-02-26 19:21:43.751 SFTP Server: default
. 2019-02-26 19:21:43.751 Local directory: default, Remote directory: home, Update: Yes, Cache: Yes
. 2019-02-26 19:21:43.751 Cache directory changes: Yes, Permanent: Yes
. 2019-02-26 19:21:43.751 Recycle bin: Delete to: No, Overwritten to: No, Bin path: 
. 2019-02-26 19:21:43.751 DST mode: Unix
. 2019-02-26 19:21:43.751 --------------------------------------------------------------------------
. 2019-02-26 19:21:43.755 Looking up host "192.168.2.2" for SSH connection
. 2019-02-26 19:21:43.755 Connecting to 192.168.2.2 port 22
. 2019-02-26 19:23:13.731 --------------------------------------------------------------------------
. 2019-02-26 19:23:13.731 WinSCP Version 5.13.7 (Build 9125) (OS 10.0.17134 - Windows 10 Enterprise)
. 2019-02-26 19:23:13.731 Configuration: nul
. 2019-02-26 19:23:13.731 Log level: Normal
. 2019-02-26 19:23:13.731 Local account: MSI\kthsd_0
. 2019-02-26 19:23:13.731 Working directory: D:\Users\kthsd2\Documents\Robotics\Vision\Camera1Code-Kane
. 2019-02-26 19:23:13.731 Process ID: 18768
. 2019-02-26 19:23:13.731 Command-line: "C:\Program Files (x86)\WinSCP\WinSCP.exe" /console=5.13.7 /consoleinstance=_11868_793 "/log=D:\Users\kthsd2\Documents\Robotics\Vision\Camera1Code-Kane\WinSCP.log" "/ini=nul" "/command" "open sftp://pi:***@10.62.39.12/" "put ShapeDetectionTest.py""" "put findshapespipeline.py""" "put ShapeDetector.py""" "exit"
. 2019-02-26 19:23:13.731 Time zone: Current: GMT-5, Standard: GMT-5 (Eastern Standard Time), DST: GMT-4 (Eastern Daylight Time), DST Start: 3/10/2019, DST End: 11/3/2019
. 2019-02-26 19:23:13.732 Login time: Tuesday, February 26, 2019 7:23:13 PM
. 2019-02-26 19:23:13.732 --------------------------------------------------------------------------
. 2019-02-26 19:23:13.732 Script: Retrospectively logging previous script records:
> 2019-02-26 19:23:13.732 Script: open sftp://pi:***@10.62.39.12/
. 2019-02-26 19:23:13.732 --------------------------------------------------------------------------
. 2019-02-26 19:23:13.732 Session name: pi@10.62.39.12 (Ad-Hoc site)
. 2019-02-26 19:23:13.732 Host name: 10.62.39.12 (Port: 22)
. 2019-02-26 19:23:13.732 User name: pi (Password: Yes, Key file: No, Passphrase: No)
. 2019-02-26 19:23:13.732 Tunnel: No
. 2019-02-26 19:23:13.732 Transfer Protocol: SFTP
. 2019-02-26 19:23:13.732 Ping type: Off, Ping interval: 30 sec; Timeout: 15 sec
. 2019-02-26 19:23:13.732 Disable Nagle: No
. 2019-02-26 19:23:13.732 Proxy: None
. 2019-02-26 19:23:13.732 Send buffer: 262144
. 2019-02-26 19:23:13.732 SSH protocol version: 2; Compression: No
. 2019-02-26 19:23:13.732 Bypass authentication: No
. 2019-02-26 19:23:13.732 Try agent: Yes; Agent forwarding: No; TIS/CryptoCard: No; KI: Yes; GSSAPI: Yes
. 2019-02-26 19:23:13.732 GSSAPI: Forwarding: No; Libs: gssapi32,sspi,custom; Custom: 
. 2019-02-26 19:23:13.732 Ciphers: aes,chacha20,blowfish,3des,WARN,arcfour,des; Ssh2DES: No
. 2019-02-26 19:23:13.732 KEX: ecdh,dh-gex-sha1,dh-group14-sha1,rsa,WARN,dh-group1-sha1
. 2019-02-26 19:23:13.732 SSH Bugs: Auto,Auto,Auto,Auto,Auto,Auto,Auto,Auto,Auto,Auto,Auto,Auto,Auto
. 2019-02-26 19:23:13.732 Simple channel: Yes
. 2019-02-26 19:23:13.732 Return code variable: Autodetect; Lookup user groups: Auto
. 2019-02-26 19:23:13.732 Shell: default
. 2019-02-26 19:23:13.732 EOL: LF, UTF: Auto
. 2019-02-26 19:23:13.732 Clear aliases: Yes, Unset nat.vars: Yes, Resolve symlinks: Yes; Follow directory symlinks: No
. 2019-02-26 19:23:13.732 LS: ls -la, Ign LS warn: Yes, Scp1 Comp: No
. 2019-02-26 19:23:13.732 SFTP Bugs: Auto,Auto
. 2019-02-26 19:23:13.732 SFTP Server: default
. 2019-02-26 19:23:13.732 Local directory: default, Remote directory: home, Update: Yes, Cache: Yes
. 2019-02-26 19:23:13.732 Cache directory changes: Yes, Permanent: Yes
. 2019-02-26 19:23:13.732 Recycle bin: Delete to: No, Overwritten to: No, Bin path: 
. 2019-02-26 19:23:13.732 DST mode: Unix
. 2019-02-26 19:23:13.732 --------------------------------------------------------------------------
. 2019-02-26 19:23:13.732 Looking up host "10.62.39.12" for SSH connection
. 2019-02-26 19:23:13.732 Connecting to 10.62.39.12 port 22
. 2019-02-26 19:23:13.738 We claim version: SSH-2.0-WinSCP_release_5.13.7
. 2019-02-26 19:23:13.819 Server version: SSH-2.0-OpenSSH_7.4p1 Raspbian-10+deb9u4
. 2019-02-26 19:23:13.819 Using SSH protocol version 2
. 2019-02-26 19:23:13.823 Doing ECDH key exchange with curve Curve25519 and hash SHA-256
. 2019-02-26 19:23:14.224 Server also has ecdsa-sha2-nistp256/ssh-rsa host keys, but we don't know any of them
. 2019-02-26 19:23:14.226 Host key fingerprint is:
. 2019-02-26 19:23:14.226 ssh-ed25519 256 6d:48:60:66:c5:e4:80:95:0d:d6:27:ff:90:49:91:2d HyWTbWildpUktR38azRhgWLODiJQkNXO5tdu3KgiReM=
. 2019-02-26 19:23:14.233 Attempt to close connection due to fatal exception:
* 2019-02-26 19:23:14.233 Host key fingerprint is ssh-ed25519 256 HyWTbWildpUktR38azRhgWLODiJQkNXO5tdu3KgiReM=.
* 2019-02-26 19:23:14.233 (Exception) **Expected host key was not configured, use -hostkey switch.**
. 2019-02-26 19:23:14.233 Closing connection.
. 2019-02-26 19:23:14.233 Sending special code: 12
. 2019-02-26 19:23:19.699 --------------------------------------------------------------------------
. 2019-02-26 19:23:19.699 WinSCP Version 5.13.7 (Build 9125) (OS 10.0.17134 - Windows 10 Enterprise)
. 2019-02-26 19:23:19.700 Configuration: nul
. 2019-02-26 19:23:19.700 Log level: Normal
. 2019-02-26 19:23:19.700 Local account: MSI\kthsd_0
. 2019-02-26 19:23:19.700 Working directory: D:\Users\kthsd2\Documents\Robotics\Vision\Camera1Code-Kane
. 2019-02-26 19:23:19.700 Process ID: 16000
. 2019-02-26 19:23:19.700 Command-line: "C:\Program Files (x86)\WinSCP\WinSCP.exe" /console=5.13.7 /consoleinstance=_12872_358 "/log=D:\Users\kthsd2\Documents\Robotics\Vision\Camera1Code-Kane\WinSCP.log" "/ini=nul" "/command" "open sftp://pi:***@10.62.39.12/" "put ShapeDetectionTest.py""" "put findshapespipeline.py""" "put ShapeDetector.py""" "exit"
. 2019-02-26 19:23:19.700 Time zone: Current: GMT-5, Standard: GMT-5 (Eastern Standard Time), DST: GMT-4 (Eastern Daylight Time), DST Start: 3/10/2019, DST End: 11/3/2019
. 2019-02-26 19:23:19.700 Login time: Tuesday, February 26, 2019 7:23:19 PM
. 2019-02-26 19:23:19.700 --------------------------------------------------------------------------
. 2019-02-26 19:23:19.700 Script: Retrospectively logging previous script records:
> 2019-02-26 19:23:19.700 Script: open sftp://pi:***@10.62.39.12/
. 2019-02-26 19:23:19.700 --------------------------------------------------------------------------
. 2019-02-26 19:23:19.700 Session name: pi@10.62.39.12 (Ad-Hoc site)
. 2019-02-26 19:23:19.700 Host name: 10.62.39.12 (Port: 22)
. 2019-02-26 19:23:19.700 User name: pi (Password: Yes, Key file: No, Passphrase: No)
. 2019-02-26 19:23:19.700 Tunnel: No
. 2019-02-26 19:23:19.700 Transfer Protocol: SFTP
. 2019-02-26 19:23:19.700 Ping type: Off, Ping interval: 30 sec; Timeout: 15 sec
. 2019-02-26 19:23:19.700 Disable Nagle: No
. 2019-02-26 19:23:19.700 Proxy: None
. 2019-02-26 19:23:19.700 Send buffer: 262144
. 2019-02-26 19:23:19.700 SSH protocol version: 2; Compression: No
. 2019-02-26 19:23:19.700 Bypass authentication: No
. 2019-02-26 19:23:19.700 Try agent: Yes; Agent forwarding: No; TIS/CryptoCard: No; KI: Yes; GSSAPI: Yes
. 2019-02-26 19:23:19.700 GSSAPI: Forwarding: No; Libs: gssapi32,sspi,custom; Custom: 
. 2019-02-26 19:23:19.701 Ciphers: aes,chacha20,blowfish,3des,WARN,arcfour,des; Ssh2DES: No
. 2019-02-26 19:23:19.701 KEX: ecdh,dh-gex-sha1,dh-group14-sha1,rsa,WARN,dh-group1-sha1
. 2019-02-26 19:23:19.701 SSH Bugs: Auto,Auto,Auto,Auto,Auto,Auto,Auto,Auto,Auto,Auto,Auto,Auto,Auto
. 2019-02-26 19:23:19.701 Simple channel: Yes
. 2019-02-26 19:23:19.701 Return code variable: Autodetect; Lookup user groups: Auto
. 2019-02-26 19:23:19.701 Shell: default
. 2019-02-26 19:23:19.701 EOL: LF, UTF: Auto
. 2019-02-26 19:23:19.701 Clear aliases: Yes, Unset nat.vars: Yes, Resolve symlinks: Yes; Follow directory symlinks: No
. 2019-02-26 19:23:19.701 LS: ls -la, Ign LS warn: Yes, Scp1 Comp: No
. 2019-02-26 19:23:19.701 SFTP Bugs: Auto,Auto
. 2019-02-26 19:23:19.701 SFTP Server: default
. 2019-02-26 19:23:19.701 Local directory: default, Remote directory: home, Update: Yes, Cache: Yes
. 2019-02-26 19:23:19.701 Cache directory changes: Yes, Permanent: Yes
. 2019-02-26 19:23:19.701 Recycle bin: Delete to: No, Overwritten to: No, Bin path: 
. 2019-02-26 19:23:19.701 DST mode: Unix
. 2019-02-26 19:23:19.701 --------------------------------------------------------------------------
. 2019-02-26 19:23:19.701 Looking up host "10.62.39.12" for SSH connection
. 2019-02-26 19:23:19.701 Connecting to 10.62.39.12 port 22
. 2019-02-26 19:23:19.707 We claim version: SSH-2.0-WinSCP_release_5.13.7
. 2019-02-26 19:23:19.783 Server version: SSH-2.0-OpenSSH_7.4p1 Raspbian-10+deb9u4
. 2019-02-26 19:23:19.783 Using SSH protocol version 2
. 2019-02-26 19:23:19.789 Doing ECDH key exchange with curve Curve25519 and hash SHA-256
. 2019-02-26 19:23:20.229 Server also has ecdsa-sha2-nistp256/ssh-rsa host keys, but we don't know any of them
. 2019-02-26 19:23:20.230 Host key fingerprint is:
. 2019-02-26 19:23:20.230 ssh-ed25519 256 6d:48:60:66:c5:e4:80:95:0d:d6:27:ff:90:49:91:2d HyWTbWildpUktR38azRhgWLODiJQkNXO5tdu3KgiReM=
. 2019-02-26 19:23:20.231 Attempt to close connection due to fatal exception:
* 2019-02-26 19:23:20.231 Host key fingerprint is ssh-ed25519 256 HyWTbWildpUktR38azRhgWLODiJQkNXO5tdu3KgiReM=.
* 2019-02-26 19:23:20.231 (Exception) **Expected host key was not configured, use -hostkey switch.**
. 2019-02-26 19:23:20.231 Closing connection.
. 2019-02-26 19:23:20.231 Sending special code: 12
. 2019-02-26 19:23:50.501 --------------------------------------------------------------------------
. 2019-02-26 19:23:50.501 WinSCP Version 5.13.7 (Build 9125) (OS 10.0.17134 - Windows 10 Enterprise)
. 2019-02-26 19:23:50.501 Configuration: nul
. 2019-02-26 19:23:50.501 Log level: Normal
. 2019-02-26 19:23:50.501 Local account: MSI\kthsd_0
. 2019-02-26 19:23:50.501 Working directory: D:\Users\kthsd2\Documents\Robotics\Vision\Camera1Code-Kane
. 2019-02-26 19:23:50.501 Process ID: 6300
. 2019-02-26 19:23:50.501 Command-line: "C:\Program Files (x86)\WinSCP\WinSCP.exe" /console=5.13.7 /consoleinstance=_8288_110 "/log=D:\Users\kthsd2\Documents\Robotics\Vision\Camera1Code-Kane\WinSCP.log" "/ini=nul" "/command" "open sftp://pi:***@10.62.39.12/" "put ShapeDetectionTest.py""" "put findshapespipeline.py""" "put ShapeDetector.py""" "exit"
. 2019-02-26 19:23:50.501 Time zone: Current: GMT-5, Standard: GMT-5 (Eastern Standard Time), DST: GMT-4 (Eastern Daylight Time), DST Start: 3/10/2019, DST End: 11/3/2019
. 2019-02-26 19:23:50.502 Login time: Tuesday, February 26, 2019 7:23:50 PM
. 2019-02-26 19:23:50.502 --------------------------------------------------------------------------
. 2019-02-26 19:23:50.502 Script: Retrospectively logging previous script records:
> 2019-02-26 19:23:50.502 Script: open sftp://pi:***@10.62.39.12/
. 2019-02-26 19:23:50.502 --------------------------------------------------------------------------
. 2019-02-26 19:23:50.502 Session name: pi@10.62.39.12 (Ad-Hoc site)
. 2019-02-26 19:23:50.502 Host name: 10.62.39.12 (Port: 22)
. 2019-02-26 19:23:50.502 User name: pi (Password: Yes, Key file: No, Passphrase: No)
. 2019-02-26 19:23:50.502 Tunnel: No
. 2019-02-26 19:23:50.502 Transfer Protocol: SFTP
. 2019-02-26 19:23:50.502 Ping type: Off, Ping interval: 30 sec; Timeout: 15 sec
. 2019-02-26 19:23:50.502 Disable Nagle: No
. 2019-02-26 19:23:50.502 Proxy: None
. 2019-02-26 19:23:50.502 Send buffer: 262144
. 2019-02-26 19:23:50.502 SSH protocol version: 2; Compression: No
. 2019-02-26 19:23:50.502 Bypass authentication: No
. 2019-02-26 19:23:50.502 Try agent: Yes; Agent forwarding: No; TIS/CryptoCard: No; KI: Yes; GSSAPI: Yes
. 2019-02-26 19:23:50.502 GSSAPI: Forwarding: No; Libs: gssapi32,sspi,custom; Custom: 
. 2019-02-26 19:23:50.502 Ciphers: aes,chacha20,blowfish,3des,WARN,arcfour,des; Ssh2DES: No
. 2019-02-26 19:23:50.502 KEX: ecdh,dh-gex-sha1,dh-group14-sha1,rsa,WARN,dh-group1-sha1
. 2019-02-26 19:23:50.502 SSH Bugs: Auto,Auto,Auto,Auto,Auto,Auto,Auto,Auto,Auto,Auto,Auto,Auto,Auto
. 2019-02-26 19:23:50.502 Simple channel: Yes
. 2019-02-26 19:23:50.502 Return code variable: Autodetect; Lookup user groups: Auto
. 2019-02-26 19:23:50.502 Shell: default
. 2019-02-26 19:23:50.502 EOL: LF, UTF: Auto
. 2019-02-26 19:23:50.502 Clear aliases: Yes, Unset nat.vars: Yes, Resolve symlinks: Yes; Follow directory symlinks: No
. 2019-02-26 19:23:50.502 LS: ls -la, Ign LS warn: Yes, Scp1 Comp: No
. 2019-02-26 19:23:50.502 SFTP Bugs: Auto,Auto
. 2019-02-26 19:23:50.502 SFTP Server: default
. 2019-02-26 19:23:50.502 Local directory: default, Remote directory: home, Update: Yes, Cache: Yes
. 2019-02-26 19:23:50.502 Cache directory changes: Yes, Permanent: Yes
. 2019-02-26 19:23:50.502 Recycle bin: Delete to: No, Overwritten to: No, Bin path: 
. 2019-02-26 19:23:50.502 DST mode: Unix
. 2019-02-26 19:23:50.502 --------------------------------------------------------------------------
. 2019-02-26 19:23:50.502 Looking up host "10.62.39.12" for SSH connection
. 2019-02-26 19:23:50.502 Connecting to 10.62.39.12 port 22
. 2019-02-26 19:23:50.509 We claim version: SSH-2.0-WinSCP_release_5.13.7
. 2019-02-26 19:23:50.577 Server version: SSH-2.0-OpenSSH_7.4p1 Raspbian-10+deb9u4
. 2019-02-26 19:23:50.577 Using SSH protocol version 2
. 2019-02-26 19:23:50.585 Doing ECDH key exchange with curve Curve25519 and hash SHA-256
. 2019-02-26 19:23:50.997 Server also has ecdsa-sha2-nistp256/ssh-rsa host keys, but we don't know any of them
. 2019-02-26 19:23:50.998 Host key fingerprint is:
. 2019-02-26 19:23:50.998 ssh-ed25519 256 6d:48:60:66:c5:e4:80:95:0d:d6:27:ff:90:49:91:2d HyWTbWildpUktR38azRhgWLODiJQkNXO5tdu3KgiReM=
. 2019-02-26 19:23:50.998 Attempt to close connection due to fatal exception:
* 2019-02-26 19:23:50.998 Host key fingerprint is ssh-ed25519 256 HyWTbWildpUktR38azRhgWLODiJQkNXO5tdu3KgiReM=.
* 2019-02-26 19:23:50.998 (Exception) **Expected host key was not configured, use -hostkey switch.**
. 2019-02-26 19:23:50.999 Closing connection.
. 2019-02-26 19:23:50.999 Sending special code: 12
. 2019-02-26 19:24:16.587 --------------------------------------------------------------------------
. 2019-02-26 19:24:16.587 WinSCP Version 5.13.7 (Build 9125) (OS 10.0.17134 - Windows 10 Enterprise)
. 2019-02-26 19:24:16.587 Configuration: nul
. 2019-02-26 19:24:16.588 Log level: Normal
. 2019-02-26 19:24:16.588 Local account: MSI\kthsd_0
. 2019-02-26 19:24:16.588 Working directory: D:\Users\kthsd2\Documents\Robotics\Vision\Camera1Code-Kane
. 2019-02-26 19:24:16.588 Process ID: 4024
. 2019-02-26 19:24:16.588 Command-line: "C:\Program Files (x86)\WinSCP\WinSCP.exe" /console=5.13.7 /consoleinstance=_10968_225 "/log=D:\Users\kthsd2\Documents\Robotics\Vision\Camera1Code-Kane\WinSCP.log" "/ini=nul" "/command" "open sftp://pi:***@10.62.39.12/ -hostkey=""ssh-ed25519 256 HyWTbWildpUktR38azRhgWLODiJQkNXO5tdu3KgiReM=""" "put ShapeDetectionTest.py""" "put findshapespipeline.py""" "put ShapeDetector.py""" "exit"
. 2019-02-26 19:24:16.588 Time zone: Current: GMT-5, Standard: GMT-5 (Eastern Standard Time), DST: GMT-4 (Eastern Daylight Time), DST Start: 3/10/2019, DST End: 11/3/2019
. 2019-02-26 19:24:16.588 Login time: Tuesday, February 26, 2019 7:24:16 PM
. 2019-02-26 19:24:16.588 --------------------------------------------------------------------------
. 2019-02-26 19:24:16.588 Script: Retrospectively logging previous script records:
> 2019-02-26 19:24:16.588 Script: open sftp://pi:***@10.62.39.12/ -hostkey="ssh-ed25519 256 HyWTbWildpUktR38azRhgWLODiJQkNXO5tdu3KgiReM="
. 2019-02-26 19:24:16.588 --------------------------------------------------------------------------
. 2019-02-26 19:24:16.588 Session name: pi@10.62.39.12 (Ad-Hoc site)
. 2019-02-26 19:24:16.588 Host name: 10.62.39.12 (Port: 22)
. 2019-02-26 19:24:16.588 User name: pi (Password: Yes, Key file: No, Passphrase: No)
. 2019-02-26 19:24:16.588 Tunnel: No
. 2019-02-26 19:24:16.588 Transfer Protocol: SFTP
. 2019-02-26 19:24:16.588 Ping type: Off, Ping interval: 30 sec; Timeout: 15 sec
. 2019-02-26 19:24:16.588 Disable Nagle: No
. 2019-02-26 19:24:16.588 Proxy: None
. 2019-02-26 19:24:16.588 Send buffer: 262144
. 2019-02-26 19:24:16.588 SSH protocol version: 2; Compression: No
. 2019-02-26 19:24:16.588 Bypass authentication: No
. 2019-02-26 19:24:16.588 Try agent: Yes; Agent forwarding: No; TIS/CryptoCard: No; KI: Yes; GSSAPI: Yes
. 2019-02-26 19:24:16.588 GSSAPI: Forwarding: No; Libs: gssapi32,sspi,custom; Custom: 
. 2019-02-26 19:24:16.588 Ciphers: aes,chacha20,blowfish,3des,WARN,arcfour,des; Ssh2DES: No
. 2019-02-26 19:24:16.589 KEX: ecdh,dh-gex-sha1,dh-group14-sha1,rsa,WARN,dh-group1-sha1
. 2019-02-26 19:24:16.589 SSH Bugs: Auto,Auto,Auto,Auto,Auto,Auto,Auto,Auto,Auto,Auto,Auto,Auto,Auto
. 2019-02-26 19:24:16.589 Simple channel: Yes
. 2019-02-26 19:24:16.589 Return code variable: Autodetect; Lookup user groups: Auto
. 2019-02-26 19:24:16.589 Shell: default
. 2019-02-26 19:24:16.589 EOL: LF, UTF: Auto
. 2019-02-26 19:24:16.589 Clear aliases: Yes, Unset nat.vars: Yes, Resolve symlinks: Yes; Follow directory symlinks: No
. 2019-02-26 19:24:16.589 LS: ls -la, Ign LS warn: Yes, Scp1 Comp: No
. 2019-02-26 19:24:16.589 SFTP Bugs: Auto,Auto
. 2019-02-26 19:24:16.589 SFTP Server: default
. 2019-02-26 19:24:16.589 Local directory: default, Remote directory: home, Update: Yes, Cache: Yes
. 2019-02-26 19:24:16.589 Cache directory changes: Yes, Permanent: Yes
. 2019-02-26 19:24:16.589 Recycle bin: Delete to: No, Overwritten to: No, Bin path: 
. 2019-02-26 19:24:16.589 DST mode: Unix
. 2019-02-26 19:24:16.589 --------------------------------------------------------------------------
. 2019-02-26 19:24:16.589 Looking up host "10.62.39.12" for SSH connection
. 2019-02-26 19:24:16.589 Connecting to 10.62.39.12 port 22
. 2019-02-26 19:24:16.596 We claim version: SSH-2.0-WinSCP_release_5.13.7
. 2019-02-26 19:24:16.673 Server version: SSH-2.0-OpenSSH_7.4p1 Raspbian-10+deb9u4
. 2019-02-26 19:24:16.674 Using SSH protocol version 2
. 2019-02-26 19:24:16.674 Have a known host key of type ssh-ed25519
. 2019-02-26 19:24:16.679 Doing ECDH key exchange with curve Curve25519 and hash SHA-256
. 2019-02-26 19:24:17.091 Server also has ecdsa-sha2-nistp256/ssh-rsa host keys, but we don't know any of them
. 2019-02-26 19:24:17.092 Host key fingerprint is:
. 2019-02-26 19:24:17.092 ssh-ed25519 256 6d:48:60:66:c5:e4:80:95:0d:d6:27:ff:90:49:91:2d HyWTbWildpUktR38azRhgWLODiJQkNXO5tdu3KgiReM=
. 2019-02-26 19:24:17.092 Host key matches configured key
. 2019-02-26 19:24:17.093 Initialised AES-256 SDCTR client->server encryption
. 2019-02-26 19:24:17.093 Initialised HMAC-SHA-256 client->server MAC algorithm
. 2019-02-26 19:24:17.093 Initialised AES-256 SDCTR server->client encryption
. 2019-02-26 19:24:17.093 Initialised HMAC-SHA-256 server->client MAC algorithm
! 2019-02-26 19:24:17.146 Using username "pi".
. 2019-02-26 19:24:17.149 Server offered these authentication methods: publickey,password
. 2019-02-26 19:24:17.149 Prompt (password, "SSH password", <no instructions>, "&Password: ")
. 2019-02-26 19:24:17.149 Using stored password.
. 2019-02-26 19:24:17.150 Sent password
. 2019-02-26 19:24:17.244 Access granted
. 2019-02-26 19:24:17.244 Opening session as main channel
. 2019-02-26 19:24:17.361 Opened main channel
. 2019-02-26 19:24:17.370 Started a shell/command
. 2019-02-26 19:24:17.370 --------------------------------------------------------------------------
. 2019-02-26 19:24:17.370 Using SFTP protocol.
. 2019-02-26 19:24:17.370 Doing startup conversation with host.
> 2019-02-26 19:24:17.370 Type: SSH_FXP_INIT, Size: 5, Number: -1
< 2019-02-26 19:24:17.379 Type: SSH_FXP_VERSION, Size: 150, Number: -1
. 2019-02-26 19:24:17.379 SFTP version 3 negotiated.
. 2019-02-26 19:24:17.379 Unknown server extension posix-rename@openssh.com="1"
. 2019-02-26 19:24:17.379 Supports statvfs@openssh.com extension version "2"
. 2019-02-26 19:24:17.379 Unknown server extension fstatvfs@openssh.com="2"
. 2019-02-26 19:24:17.379 Supports hardlink@openssh.com extension version "1"
. 2019-02-26 19:24:17.379 Unknown server extension fsync@openssh.com="1"
. 2019-02-26 19:24:17.379 We believe the server has signed timestamps bug
. 2019-02-26 19:24:17.379 We will use UTF-8 strings until server sends an invalid UTF-8 string as with SFTP version 3 and older UTF-8 strings are not mandatory
. 2019-02-26 19:24:17.379 Limiting packet size to OpenSSH sftp-server limit of 262148 bytes
. 2019-02-26 19:24:17.379 Getting current directory name.
. 2019-02-26 19:24:17.379 Getting real path for '.'
> 2019-02-26 19:24:17.379 Type: SSH_FXP_REALPATH, Size: 10, Number: 16
< 2019-02-26 19:24:17.383 Type: SSH_FXP_NAME, Size: 37, Number: 16
. 2019-02-26 19:24:17.383 Real path is '/home/pi'
. 2019-02-26 19:24:17.383 Startup conversation with host finished.
< 2019-02-26 19:24:17.384 Script: Active session: [1] pi@10.62.39.12
> 2019-02-26 19:24:17.384 Script: put ShapeDetectionTest.py"
. 2019-02-26 19:24:17.385 Copying 1 files/directories to remote directory "/home/pi" - total size: 5,983
. 2019-02-26 19:24:17.385   PrTime: Yes; PrRO: No; Rght: rw-r--r--; PrR: No (No); FnCs: N; RIC: 0100; Resume: S (102400); CalcS: No; Mask: 
. 2019-02-26 19:24:17.385   TM: B; ClAr: No; RemEOF: No; RemBOM: No; CPS: 0; NewerOnly: No; InclM: ; ResumeL: 0
. 2019-02-26 19:24:17.385   AscM: *.*html; *.htm; *.txt; *.php; *.php3; *.cgi; *.c; *.cpp; *.h; *.pas; *.bas; *.tex; *.pl; *.js; .htaccess; *.xtml; *.css; *.cfg; *.ini; *.sh; *.xml
. 2019-02-26 19:24:17.385 Getting real path for '/home/pi'
> 2019-02-26 19:24:17.385 Type: SSH_FXP_REALPATH, Size: 17, Number: 272
< 2019-02-26 19:24:17.389 Type: SSH_FXP_NAME, Size: 37, Number: 272
. 2019-02-26 19:24:17.389 Real path is '/home/pi'
. 2019-02-26 19:24:17.389 File: 'ShapeDetectionTest.py' [2019-02-18T21:51:38.557Z] [5983]
. 2019-02-26 19:24:17.394 Copying "ShapeDetectionTest.py" to remote directory started.
. 2019-02-26 19:24:17.394 Binary transfer mode selected.
. 2019-02-26 19:24:17.394 Opening remote file.
> 2019-02-26 19:24:17.394 Type: SSH_FXP_OPEN, Size: 55, Number: 515
< 2019-02-26 19:24:17.398 Type: SSH_FXP_HANDLE, Size: 13, Number: 515
> 2019-02-26 19:24:17.398 Type: SSH_FXP_WRITE, Size: 6008, Number: 1030
> 2019-02-26 19:24:17.399 Type: SSH_FXP_CLOSE, Size: 13, Number: 1284
> 2019-02-26 19:24:17.399 Type: SSH_FXP_SETSTAT, Size: 51, Number: 777
< 2019-02-26 19:24:17.405 Type: SSH_FXP_STATUS, Size: 24, Number: 1030
< 2019-02-26 19:24:17.405 Status code: 0
< 2019-02-26 19:24:17.408 Type: SSH_FXP_STATUS, Size: 24, Number: 1284
< 2019-02-26 19:24:17.408 Status code: 0
. 2019-02-26 19:24:17.408 Preserving timestamp [2019-02-18T21:51:38.000Z]
< 2019-02-26 19:24:17.408 Type: SSH_FXP_STATUS, Size: 24, Number: 777
< 2019-02-26 19:24:17.408 Status code: 0
. 2019-02-26 19:24:17.408 Transfer done: 'ShapeDetectionTest.py' => '/home/pi/ShapeDetectionTest.py' [5983]
. 2019-02-26 19:24:17.408 Copying finished: Transferred: 5,983, Elapsed: 0:00:00, CPS: 0/s
> 2019-02-26 19:24:17.409 Script: put findshapespipeline.py"
. 2019-02-26 19:24:17.409 Copying 1 files/directories to remote directory "/home/pi" - total size: 5,853
. 2019-02-26 19:24:17.409   PrTime: Yes; PrRO: No; Rght: rw-r--r--; PrR: No (No); FnCs: N; RIC: 0100; Resume: S (102400); CalcS: No; Mask: 
. 2019-02-26 19:24:17.409   TM: B; ClAr: No; RemEOF: No; RemBOM: No; CPS: 0; NewerOnly: No; InclM: ; ResumeL: 0
. 2019-02-26 19:24:17.409   AscM: *.*html; *.htm; *.txt; *.php; *.php3; *.cgi; *.c; *.cpp; *.h; *.pas; *.bas; *.tex; *.pl; *.js; .htaccess; *.xtml; *.css; *.cfg; *.ini; *.sh; *.xml
. 2019-02-26 19:24:17.409 Getting real path for '/home/pi'
> 2019-02-26 19:24:17.409 Type: SSH_FXP_REALPATH, Size: 17, Number: 1552
< 2019-02-26 19:24:17.414 Type: SSH_FXP_NAME, Size: 37, Number: 1552
. 2019-02-26 19:24:17.414 Real path is '/home/pi'
. 2019-02-26 19:24:17.415 File: 'findshapespipeline.py' [2019-02-18T19:20:10.066Z] [5853]
. 2019-02-26 19:24:17.419 Copying "findshapespipeline.py" to remote directory started.
. 2019-02-26 19:24:17.419 Binary transfer mode selected.
. 2019-02-26 19:24:17.419 Opening remote file.
> 2019-02-26 19:24:17.419 Type: SSH_FXP_OPEN, Size: 55, Number: 1795
< 2019-02-26 19:24:17.424 Type: SSH_FXP_HANDLE, Size: 13, Number: 1795
> 2019-02-26 19:24:17.424 Type: SSH_FXP_WRITE, Size: 5878, Number: 2310
> 2019-02-26 19:24:17.424 Type: SSH_FXP_CLOSE, Size: 13, Number: 2564
> 2019-02-26 19:24:17.424 Type: SSH_FXP_SETSTAT, Size: 51, Number: 2057
< 2019-02-26 19:24:17.430 Type: SSH_FXP_STATUS, Size: 24, Number: 2310
< 2019-02-26 19:24:17.431 Status code: 0
< 2019-02-26 19:24:17.431 Type: SSH_FXP_STATUS, Size: 24, Number: 2564
< 2019-02-26 19:24:17.431 Status code: 0
. 2019-02-26 19:24:17.431 Preserving timestamp [2019-02-18T19:20:10.000Z]
< 2019-02-26 19:24:17.431 Type: SSH_FXP_STATUS, Size: 24, Number: 2057
< 2019-02-26 19:24:17.431 Status code: 0
. 2019-02-26 19:24:17.431 Transfer done: 'findshapespipeline.py' => '/home/pi/findshapespipeline.py' [5853]
. 2019-02-26 19:24:17.431 Copying finished: Transferred: 5,853, Elapsed: 0:00:00, CPS: 0/s
> 2019-02-26 19:24:17.432 Script: put ShapeDetector.py"
. 2019-02-26 19:24:17.432 Copying 1 files/directories to remote directory "/home/pi" - total size: 1,290
. 2019-02-26 19:24:17.432   PrTime: Yes; PrRO: No; Rght: rw-r--r--; PrR: No (No); FnCs: N; RIC: 0100; Resume: S (102400); CalcS: No; Mask: 
. 2019-02-26 19:24:17.432   TM: B; ClAr: No; RemEOF: No; RemBOM: No; CPS: 0; NewerOnly: No; InclM: ; ResumeL: 0
. 2019-02-26 19:24:17.432   AscM: *.*html; *.htm; *.txt; *.php; *.php3; *.cgi; *.c; *.cpp; *.h; *.pas; *.bas; *.tex; *.pl; *.js; .htaccess; *.xtml; *.css; *.cfg; *.ini; *.sh; *.xml
. 2019-02-26 19:24:17.432 Getting real path for '/home/pi'
> 2019-02-26 19:24:17.432 Type: SSH_FXP_REALPATH, Size: 17, Number: 2832
< 2019-02-26 19:24:17.437 Type: SSH_FXP_NAME, Size: 37, Number: 2832
. 2019-02-26 19:24:17.437 Real path is '/home/pi'
. 2019-02-26 19:24:17.437 File: 'ShapeDetector.py' [2019-02-14T13:14:58.006Z] [1290]
. 2019-02-26 19:24:17.441 Copying "ShapeDetector.py" to remote directory started.
. 2019-02-26 19:24:17.442 Binary transfer mode selected.
. 2019-02-26 19:24:17.442 Opening remote file.
> 2019-02-26 19:24:17.442 Type: SSH_FXP_OPEN, Size: 50, Number: 3075
< 2019-02-26 19:24:17.447 Type: SSH_FXP_HANDLE, Size: 13, Number: 3075
> 2019-02-26 19:24:17.447 Type: SSH_FXP_WRITE, Size: 1315, Number: 3590
> 2019-02-26 19:24:17.447 Type: SSH_FXP_CLOSE, Size: 13, Number: 3844
> 2019-02-26 19:24:17.447 Type: SSH_FXP_SETSTAT, Size: 46, Number: 3337
< 2019-02-26 19:24:17.450 Type: SSH_FXP_STATUS, Size: 24, Number: 3590
< 2019-02-26 19:24:17.450 Status code: 0
< 2019-02-26 19:24:17.454 Type: SSH_FXP_STATUS, Size: 24, Number: 3844
< 2019-02-26 19:24:17.454 Status code: 0
. 2019-02-26 19:24:17.454 Preserving timestamp [2019-02-14T13:14:58.000Z]
< 2019-02-26 19:24:17.454 Type: SSH_FXP_STATUS, Size: 24, Number: 3337
< 2019-02-26 19:24:17.454 Status code: 0
. 2019-02-26 19:24:17.454 Transfer done: 'ShapeDetector.py' => '/home/pi/ShapeDetector.py' [1290]
. 2019-02-26 19:24:17.454 Copying finished: Transferred: 1,290, Elapsed: 0:00:00, CPS: 0/s
> 2019-02-26 19:24:17.455 Script: exit
. 2019-02-26 19:24:17.455 Script: Exit code: 0
. 2019-02-26 19:24:17.455 Closing connection.
. 2019-02-26 19:24:17.455 Sending special code: 12
. 2019-02-26 19:24:17.455 Sent EOF message
